2021-06-10 16:35:50,576 :: INFO :: Start experiment: calamo-268583
2021-06-10 16:35:50,589 :: INFO :: Control node : Starting of control node serial interface
2021-06-10 16:35:50,600 :: INFO :: Control node : reset
2021-06-10 16:35:50,612 :: INFO :: Reset Control Node
2021-06-10 16:35:53,651 :: INFO :: Control node : start power of open node
2021-06-10 16:35:53,707 :: INFO :: Node A8 : setup of a8 node
2021-06-10 16:35:54,546 :: INFO :: Control node : Start experiment
2021-06-10 16:35:54,604 :: INFO :: Control Node set time delay: 1312 us
2021-06-10 16:35:54,626 :: INFO :: Control node : profile configuration
2021-06-10 16:35:54,630 :: INFO :: Configure profile on Control Node
2021-06-10 16:35:54,671 :: INFO :: Start experiment succeeded
2021-06-10 16:36:31,593 :: INFO :: Boot A8 succeeded in time: 35s
2021-06-10 17:36:03,944 :: INFO :: Gateway Manager : Stop experiment
2021-06-10 17:36:03,962 :: INFO :: Stop experiment
2021-06-10 17:36:03,978 :: INFO :: Control node : stop of the experiment
2021-06-10 17:36:03,997 :: INFO :: Control node : profile configuration
2021-06-10 17:36:04,011 :: INFO :: Configure profile on Control Node
2021-06-10 17:36:04,112 :: INFO :: Control node : start power of open node
2021-06-10 17:36:04,135 :: INFO :: Node A8 : teardown of a8 node
2021-06-10 17:36:05,753 :: INFO :: Control node : Stop control node serial interface
2021-06-10 17:36:05,764 :: INFO :: Control node : stop power of open node
2021-06-10 17:36:05,940 :: INFO :: Control node : reset
2021-06-10 17:36:05,952 :: INFO :: Reset Control Node
2021-06-10 17:36:08,915 :: INFO :: Stop experiment succeeded
